#
# There is insufficient memory for the Java Runtime Environment to continue.
# Native memory allocation (mmap) failed to map 1073741824 bytes for G1 virtual space
# Possible reasons:
#   The system is out of physical RAM or swap space
#   The process is running with CompressedOops enabled, and the Java Heap may be blocking the growth of the native heap
# Possible solutions:
#   Reduce memory load on the system
#   Increase physical memory or swap space
#   Check if swap backing store is full
#   Decrease Java heap size (-Xmx/-Xms)
#   Decrease number of Java threads
#   Decrease Java thread stack sizes (-Xss)
#   Set larger code cache with -XX:ReservedCodeCacheSize=
#   JVM is running with Zero Based Compressed Oops mode in which the Java heap is
#     placed in the first 32GB address space. The Java Heap base address is the
#     maximum limit for the native heap growth. Please use -XX:HeapBaseMinAddress
#     to set the Java Heap base and to place the Java Heap above 32GB virtual address.
# This output file may be truncated or incomplete.
#
#  Out of Memory Error (os_windows.cpp:3613), pid=8440, tid=10976
#
# JRE version:  (17.0.10+7) (build )
# Java VM: OpenJDK 64-Bit Server VM (17.0.10+7, mixed mode, sharing, tiered, compressed oops, compressed class ptrs, g1 gc, windows-amd64)
# No core dump will be written. Minidumps are not enabled by default on client versions of Windows
#

---------------  S U M M A R Y ------------

Command Line: -Dfile.encoding=UTF-8 -Dstdout.encoding=UTF-8 -Dstderr.encoding=UTF-8 -XX:+ShowCodeDetailsInExceptionMessages Program

Host: Intel(R) Core(TM) i7-6700 CPU @ 3.40GHz, 8 cores, 63G,  Windows 11 , 64 bit Build 22621 (10.0.22621.3958)
Time: Tue Oct  8 10:44:45 2024 Paris, Madrid (heure duild 22621 (10.0.22621.3958) elapsed time: 0.013184 seconds (0d 0h 0m 0s)

---------------  T H R E A D  ---------------

Current thread (0x0000017d40a99330):  JavaThread "Unknown thread" [_thread_in_vm, id=10976, stack(0x0000006d1a400000,0x0000006d1a500000)]

Stack: [0x0000006d1a400000,0x0000006d1a500000]
Native frames: (J=compiled Java code, j=interpreted, Vv=VM code, C=native code)
V  [jvm.dll+0x67d2c9]
V  [jvm.dll+0x834afa]
V  [jvm.dll+0x8365be]
V  [jvm.dll+0x836c23]
V  [jvm.dll+0x2477ff]
V  [jvm.dll+0x67a109]
V  [jvm.dll+0x66eb7a]
V  [jvm.dll+0x30764b]
V  [jvm.dll+0x30eaf6]
V  [jvm.dll+0x35e83e]
V  [jvm.dll+0x35ea6f]
V  [jvm.dll+0x2de248]
V  [jvm.dll+0x2df1b4]
V  [jvm.dll+0x806361]
V  [jvm.dll+0x36c6f1]
V  [jvm.dll+0x7e4e06]
V  [jvm.dll+0x3eff3f]
V  [jvm.dll+0x3f1b71]
C  [jli.dll+0x528f]
C  [ucrtbase.dll+0x29333]
C  [KERNEL32.DLL+0x1257d]
C  [ntdll.dll+0x5af28]


---------------  P R O C E S S  ---------------

Threads class SMR info:
_java_thread_list=0x00007ff92b97ee98, length=0, elements={
}

Java Threads: ( => current thread )

Other Threads:
  0x0000017d40b49860 GCTaskThread "GC Thread#0" [stack: 0x0000006d1a500000,0x0000006d1a600000] [id=5044]
  0x0000017d40b4e770 ConcurrentGCThread "G1 Main Marker" [stack: 0x0000006d1a600000,0x0000006d1a700000] [id=11768]
  0x0000017d7b3cd970 ConcurrentGCThread "G1 Conc#0" [stack: 0x0000006d1a700000,0x0000006d1a800000] [id=12720]

[error occurred during error reporting (printing all threads), id 0xc0000005, EXCEPTION_ACCESS_VIOLATION (0xc0000005) at pc=0x00007ff92b13ec87]

VM state: not at safepoint (not fully initialized)

VM Mutex/Monitor currently owned by a thread:  ([mutex/lock_event])
[0x0000017d40a93d20] Heap_lock - owner thread: 0x0000017d40a99330

Heap address: 0x0000000401800000, size: 16360 MB, Compressed Oops mode: Zero based, Oop shift amount: 3

CDS archive(s) mapped at: [0x0000000000000000-0x0000000000000000-0x0000000000000000), size 0, SharedBaseAddress: 0x0000000800000000, ArchiveRelocationMode: 1.
Narrow klass base: 0x0000000000000000, Narrow klass shift: 0, Narrow klass range: 0x0

GC Precious Log:
<Empty>

Heap:
 garbage-first heap   total 0K, used 0K [0x0000000401800000, 0x0000000800000000)
  region size 8192K, 0 young (0K), 0 survivors (0K)

[error occurred during error reporting (printing heap information), id 0xc0000005, EXCEPTION_ACCESS_VIOLATION (0xc0000005) at pc=0x00007ff92b526fb9]

GC Heap History (0 events):
No events

Dll operation events (1 events):
Event: 0.009 Loaded shared library C:\Program Files\Eclipse 4.31.0\eclipse\plugins\org.eclipse.justj.openjdk.hotspot.jre.full.win32.x86_64_17.0.10.v20240120-1143\jre\bin\java.dll

Deoptimization events (0 events):
No events

Classes unloaded (0 events):
No events

Classes redefined (0 events):
No events

Internal exceptions (0 events):
No events

VM Operations (0 events):
No events

Events (0 events):
No events


Dynamic libraries:
0x00007ff6766d0000 - 0x00007ff6766de000 	C:\Program Files\Eclipse 4.31.0\eclipse\plugins\org.eclipse.justj.openjdk.hotspot.jre.full.win32.x86_64_17.0.10.v20240120-1143\jre\bin\javaw.exe
0x00007ff982190000 - 0x00007ff9823a7000 	C:\Windows\SYSTEM32\ntdll.dll
0x00007ff980f50000 - 0x00007ff981014000 	C:\Windows\System32\KERNEL32.DLL
0x00007ff97f9a0000 - 0x00007ff97fd4d000 	C:\Windows\System32\KERNELBASE.dll
0x00007ff97f640000 - 0x00007ff97f751000 	C:\Windows\System32\ucrtbase.dll
0x00007ff962140000 - 0x00007ff96215b000 	C:\Program Files\Eclipse 4.31.0\eclipse\plugins\org.eclipse.justj.openjdk.hotspot.jre.full.win32.x86_64_17.0.10.v20240120-1143\jre\bin\VCRUNTIME140.dll
0x00007ff962160000 - 0x00007ff962177000 	C:\Program Files\Eclipse 4.31.0\eclipse\plugins\org.eclipse.justj.openjdk.hotspot.jre.full.win32.x86_64_17.0.10.v20240120-1143\jre\bin\jli.dll
0x00007ff9812e0000 - 0x00007ff98148e000 	C:\Windows\System32\USER32.dll
0x00007ff97f880000 - 0x00007ff97f8a6000 	C:\Windows\System32\win32u.dll
0x00007ff96afa0000 - 0x00007ff96b233000 	C:\Windows\WinSxS\amd64_microsoft.windows.common-controls_6595b64144ccf1df_6.0.22621.3672_none_2713b9d173822955\COMCTL32.dll
0x00007ff981490000 - 0x00007ff9814b9000 	C:\Windows\System32\GDI32.dll
0x00007ff981230000 - 0x00007ff9812d7000 	C:\Windows\System32\msvcrt.dll
0x00007ff97f760000 - 0x00007ff97f879000 	C:\Windows\System32\gdi32full.dll
0x00007ff97f4b0000 - 0x00007ff97f54a000 	C:\Windows\System32\msvcp_win.dll
0x00007ff97fee0000 - 0x00007ff97ff11000 	C:\Windows\System32\IMM32.DLL
0x00007ff974610000 - 0x00007ff97461c000 	C:\Program Files\Eclipse 4.31.0\eclipse\plugins\org.eclipse.justj.openjdk.hotspot.jre.full.win32.x86_64_17.0.10.v20240120-1143\jre\bin\vcruntime140_1.dll
0x00007ff95d860000 - 0x00007ff95d8ed000 	C:\Program Files\Eclipse 4.31.0\eclipse\plugins\org.eclipse.justj.openjdk.hotspot.jre.full.win32.x86_64_17.0.10.v20240120-1143\jre\bin\msvcp140.dll
0x00007ff92ae50000 - 0x00007ff92bab2000 	C:\Program Files\Eclipse 4.31.0\eclipse\plugins\org.eclipse.justj.openjdk.hotspot.jre.full.win32.x86_64_17.0.10.v20240120-1143\jre\bin\server\jvm.dll
0x00007ff980870000 - 0x00007ff980922000 	C:\Windows\System32\ADVAPI32.dll
0x00007ff980410000 - 0x00007ff9804b9000 	C:\Windows\System32\sechost.dll
0x00007ff97f970000 - 0x00007ff97f998000 	C:\Windows\System32\bcrypt.dll
0x00007ff980e10000 - 0x00007ff980f24000 	C:\Windows\System32\RPCRT4.dll
0x00007ff97f1d0000 - 0x00007ff97f21d000 	C:\Windows\SYSTEM32\POWRPROF.dll
0x00007ff97c910000 - 0x00007ff97c919000 	C:\Windows\SYSTEM32\WSOCK32.dll
0x00007ff978240000 - 0x00007ff978274000 	C:\Windows\SYSTEM32\WINMM.dll
0x00007ff981020000 - 0x00007ff981091000 	C:\Windows\System32\WS2_32.dll
0x00007ff979a50000 - 0x00007ff979a5a000 	C:\Windows\SYSTEM32\VERSION.dll
0x00007ff97f1b0000 - 0x00007ff97f1c3000 	C:\Windows\SYSTEM32\UMPDC.dll
0x00007ff97e4c0000 - 0x00007ff97e4d8000 	C:\Windows\SYSTEM32\kernel.appcore.dll
0x00007ff9799e0000 - 0x00007ff9799ea000 	C:\Program Files\Eclipse 4.31.0\eclipse\plugins\org.eclipse.justj.openjdk.hotspot.jre.full.win32.x86_64_17.0.10.v20240120-1143\jre\bin\jimage.dll
0x00007ff97c370000 - 0x00007ff97c5a2000 	C:\Windows\SYSTEM32\DBGHELP.DLL
0x00007ff980080000 - 0x00007ff98040e000 	C:\Windows\System32\combase.dll
0x00007ff982070000 - 0x00007ff982147000 	C:\Windows\System32\OLEAUT32.dll
0x00007ff97c330000 - 0x00007ff97c362000 	C:\Windows\SYSTEM32\dbgcore.DLL
0x00007ff97f5c0000 - 0x00007ff97f63b000 	C:\Windows\System32\bcryptPrimitives.dll
0x00007ff974a80000 - 0x00007ff974aa5000 	C:\Program Files\Eclipse 4.31.0\eclipse\plugins\org.eclipse.justj.openjdk.hotspot.jre.full.win32.x86_64_17.0.10.v20240120-1143\jre\bin\java.dll

dbghelp: loaded successfully - version: 4.0.5 - missing functions: none
symbol engine: initialized successfully - sym options: 0x614 - pdb path: .;C:\Program Files\Eclipse 4.31.0\eclipse\plugins\org.eclipse.justj.openjdk.hotspot.jre.full.win32.x86_64_17.0.10.v20240120-1143\jre\bin;C:\Windows\SYSTEM32;C:\Windows\WinSxS\amd64_microsoft.windows.common-controls_6595b64144ccf1df_6.0.22621.3672_none_2713b9d173822955;C:\Program Files\Eclipse 4.31.0\eclipse\plugins\org.eclipse.justj.openjdk.hotspot.jre.full.win32.x86_64_17.0.10.v20240120-1143\jre\bin\server

VM Arguments:
jvm_args: -Dfile.encoding=UTF-8 -Dstdout.encoding=UTF-8 -Dstderr.encoding=UTF-8 -XX:+ShowCodeDetailsInExceptionMessages 
java_command: Program
java_class_path (initial): C:\Users\IB\eclipse-workspace\PremierProjet\bin
Launcher Type: SUN_STANDARD

[Global flags]
     intx CICompilerCount                          = 4                                         {product} {ergonomic}
     uint ConcGCThreads                            = 2                                         {product} {ergonomic}
     uint G1ConcRefinementThreads                  = 8                                         {product} {ergonomic}
   size_t G1HeapRegionSize                         = 8388608                                   {product} {ergonomic}
    uintx GCDrainStackTargetSize                   = 64                                        {product} {ergonomic}
   size_t InitialHeapSize                          = 1073741824                                {product} {ergonomic}
   size_t MarkStackSize                            = 4194304                                   {product} {ergonomic}
   size_t MaxHeapSize                              = 17154703360                               {product} {ergonomic}
   size_t MinHeapDeltaBytes                        = 8388608                                   {product} {ergonomic}
   size_t MinHeapSize                              = 8388608                                   {product} {ergonomic}
    uintx NonNMethodCodeHeapSize                   = 5839372                                {pd product} {ergonomic}
    uintx NonProfiledCodeHeapSize                  = 122909434                              {pd product} {ergonomic}
    uintx ProfiledCodeHeapSize                     = 122909434                              {pd product} {ergonomic}
    uintx ReservedCodeCacheSize                    = 251658240                              {pd product} {ergonomic}
     bool SegmentedCodeCache                       = true                                      {product} {ergonomic}
     bool ShowCodeDetailsInExceptionMessages       = true                                   {manageable} {command line}
   size_t SoftMaxHeapSize                          = 17154703360                            {manageable} {ergonomic}
     bool UseCompressedClassPointers               = true                           {product lp64_product} {ergonomic}
     bool UseCompressedOops                        = true                           {product lp64_product} {ergonomic}
     bool UseG1GC                                  = true                                      {product} {ergonomic}
     bool UseLargePagesIndividualAllocation        = false                                  {pd product} {ergonomic}

Logging:
Log output configuration:
 #0: stdout all=warning uptime,level,tags
 #1: stderr all=off uptime,level,tags

Environment Variables:
PATH=C:/Program Files/Eclipse 4.31.0/eclipse//plugins/org.eclipse.justj.openjdk.hotspot.jre.full.win32.x86_64_17.0.10.v20240120-1143/jre/bin/server;C:/Program Files/Eclipse 4.31.0/eclipse//plugins/org.eclipse.justj.openjdk.hotspot.jre.full.win32.x86_64_17.0.10.v20240120-1143/jre/bin;C:\Program Files (x86)\VMware\VMware Workstation\bin\;C:\Python312\Scripts\;C:\Python312\;C:\Program Files\Common Files\Oracle\Java\javapath;C:\Windows\system32;C:\Windows;C:\Windows\System32\Wbem;C:\Windows\System32\WindowsPowerShell\v1.0\;C:\Windows\System32\OpenSSH\;C:\ProgramData\chocolatey\bin;C:\Program Files\Microsoft VS Code\bin;C:\Program Files\nodejs\;C:\ProgramData\chocolatey\lib\maven\apache-maven-3.9.6\bin;C:\Program Files\Git\cmd;C:\Program Files\Docker\Docker\resources\bin;C:\Users\IB\AppData\Local\Microsoft\WindowsApps;C:\Program Files\Oracle\VirtualBox;C:\Users\IB\AppData\Roaming\npm;C:\Windows\system32;
USERNAME=IB
OS=Windows_NT
PROCESSOR_IDENTIFIER=Intel64 Family 6 Model 94 Stepping 3, GenuineIntel
TMP=C:\Users\IB\AppData\Local\Temp
TEMP=C:\Users\IB\AppData\Local\Temp



Periodic native trim disabled


---------------  S Y S T E M  ---------------

OS:
 Windows 11 , 64 bit Build 22621 (10.0.22621.3958)
OS uptime: 3 days 3:09 hours
Hyper-V role detected

CPU: total 8 (initial active 8) (4 cores per cpu, 2 threads per core) family 6 model 94 stepping 3 microcode 0xf0, cx8, cmov, fxsr, ht, mmx, 3dnowpref, sse, sse2, sse3, ssse3, sse4.1, sse4.2, popcnt, lzcnt, tsc, tscinvbit, avx, avx2, aes, erms, clmul, bmi1, bmi2, rtm, adx, fma, vzeroupper, clflush, clflushopt, hv
Processor Information for all 8 processors :
  Max Mhz: 3408, Current Mhz: 3408, Mhz Limit: 3408

Memory: 4k page, system-wide physical 65427M (39042M free)
TotalPageFile size 187427M (AvailPageFile size 115M)
current process WorkingSet (physical memory assigned to process): 11M, peak: 11M
current process commit charge ("private bytes"): 61M, peak: 1084M

vm_info: OpenJDK 64-Bit Server VM (17.0.10+7) for windows-amd64 JRE (17.0.10+7), built on Jan 16 2024 23:25:11 by "admin" with MS VC++ 16.10 / 16.11 (VS2019)

END.
